<?xml version="1.0" encoding="UTF-8"?>
<beans xmlns="http://www.springframework.org/schema/beans"
	   xmlns:xsi="http://www.w3.org/2001/XMLSchema-instance"
	   xsi:schemaLocation="http://www.springframework.org/schema/beans http://www.springframework.org/schema/beans/spring-beans.xsd">

	<!-- load application context -->
	<import resource="classpath:/spring/context.xml"/>

	<!-- import jixture context -->
	<alias name="transactionManager" alias="jixture.core.transactionManager"/>
	<import resource="classpath:/spring/jixture-hibernate3-context.xml"/>
</beans>